# JRE version: Java(TM) SE Runtime Environment (9.0+11) (build 9.0.4+11)
# Java VM: Java HotSpot(TM) 64-Bit Server VM (9.0.4+11, mixed mode, tiered, compressed oops, g1 gc, linux-amd64)
Heap:
 garbage-first heap   total 409600K, used 399525K [0x00000006c6400000, 0x00000006c6500c80, 0x00000007c0000000)
  region size 1024K, 14 young (14336K), 3 survivors (3072K)
 Metaspace       used 17279K, capacity 18059K, committed 18176K, reserved 1064960K
  class space    used 1596K, capacity 1753K, committed 1792K, reserved 1048576K
GC Heap History (10 events):
Event: 198,459 GC heap before
{Heap before GC invocations=313 (full 0):
 garbage-first heap   total 404480K, used 399945K [0x00000006c6400000, 0x00000006c6500c58, 0x00000007c0000000)
  region size 1024K, 19 young (19456K), 3 survivors (3072K)
 Metaspace       used 17062K, capacity 17787K, committed 17920K, reserved 1064960K
  class space    used 1555K, capacity 1687K, committed 1792K, reserved 1048576K
}
Event: 198,462 GC heap after
{Heap after GC invocations=314 (full 0):
 garbage-first heap   total 405504K, used 384518K [0x00000006c6400000, 0x00000006c6500c60, 0x00000007c0000000)
  region size 1024K, 3 young (3072K), 3 survivors (3072K)
 Metaspace       used 17062K, capacity 17787K, committed 17920K, reserved 1064960K
  class space    used 1555K, capacity 1687K, committed 1792K, reserved 1048576K
}
Event: 199,112 GC heap before
{Heap before GC invocations=315 (full 0):
 garbage-first heap   total 405504K, used 400902K [0x00000006c6400000, 0x00000006c6500c60, 0x00000007c0000000)
  region size 1024K, 19 young (19456K), 3 survivors (3072K)
 Metaspace       used 17214K, capacity 17953K, committed 18176K, reserved 1064960K
  class space    used 1589K, capacity 1720K, committed 1792K, reserved 1048576K
}
Event: 199,114 GC heap after
{Heap after GC invocations=316 (full 0):
 garbage-first heap   total 406528K, used 385761K [0x00000006c6400000, 0x00000006c6500c68, 0x00000007c0000000)
  region size 1024K, 3 young (3072K), 3 survivors (3072K)
 Metaspace       used 17214K, capacity 17953K, committed 18176K, reserved 1064960K
  class space    used 1589K, capacity 1720K, committed 1792K, reserved 1048576K
}
Event: 199,725 GC heap before
{Heap before GC invocations=316 (full 0):
 garbage-first heap   total 406528K, used 402145K [0x00000006c6400000, 0x00000006c6500c68, 0x00000007c0000000)
  region size 1024K, 19 young (19456K), 3 survivors (3072K)
 Metaspace       used 17224K, capacity 17953K, committed 18176K, reserved 1064960K
  class space    used 1589K, capacity 1720K, committed 1792K, reserved 1048576K
}
Event: 199,727 GC heap after
{Heap after GC invocations=317 (full 0):
 garbage-first heap   total 407552K, used 387006K [0x00000006c6400000, 0x00000006c6500c70, 0x00000007c0000000)
  region size 1024K, 3 young (3072K), 3 survivors (3072K)
 Metaspace       used 17224K, capacity 17953K, committed 18176K, reserved 1064960K
  class space    used 1589K, capacity 1720K, committed 1792K, reserved 1048576K
}
Event: 200,376 GC heap before
{Heap before GC invocations=318 (full 0):
 garbage-first heap   total 407552K, used 403390K [0x00000006c6400000, 0x00000006c6500c70, 0x00000007c0000000)
  region size 1024K, 19 young (19456K), 3 survivors (3072K)
 Metaspace       used 17248K, capacity 18017K, committed 18176K, reserved 1064960K
  class space    used 1589K, capacity 1720K, committed 1792K, reserved 1048576K
}
Event: 200,378 GC heap after
{Heap after GC invocations=319 (full 0):
 garbage-first heap   total 408576K, used 387988K [0x00000006c6400000, 0x00000006c6500c78, 0x00000007c0000000)
  region size 1024K, 3 young (3072K), 3 survivors (3072K)
 Metaspace       used 17248K, capacity 18017K, committed 18176K, reserved 1064960K
  class space    used 1589K, capacity 1720K, committed 1792K, reserved 1048576K
}
Event: 200,980 GC heap before
{Heap before GC invocations=319 (full 0):
 garbage-first heap   total 408576K, used 404372K [0x00000006c6400000, 0x00000006c6500c78, 0x00000007c0000000)
  region size 1024K, 19 young (19456K), 3 survivors (3072K)
 Metaspace       used 17272K, capacity 18055K, committed 18176K, reserved 1064960K
  class space    used 1596K, capacity 1753K, committed 1792K, reserved 1048576K
}
Event: 200,982 GC heap after
{Heap after GC invocations=320 (full 0):
 garbage-first heap   total 409600K, used 389285K [0x00000006c6400000, 0x00000006c6500c80, 0x00000007c0000000)
  region size 1024K, 3 young (3072K), 3 survivors (3072K)
 Metaspace       used 17272K, capacity 18055K, committed 18176K, reserved 1064960K
  class space    used 1596K, capacity 1753K, committed 1792K, reserved 1048576K
}

