# JRE version: Java(TM) SE Runtime Environment (9.0+11) (build 9.0.4+11)
# Java VM: Java HotSpot(TM) 64-Bit Server VM (9.0.4+11, mixed mode, tiered, compressed oops, g1 gc, linux-amd64)
Heap:
 garbage-first heap   total 591872K, used 565340K [0x00000006c6400000, 0x00000006c6501210, 0x00000007c0000000)
  region size 1024K, 8 young (8192K), 4 survivors (4096K)
 Metaspace       used 17104K, capacity 17949K, committed 18176K, reserved 1064960K
  class space    used 1572K, capacity 1732K, committed 1792K, reserved 1048576K
GC Heap History (10 events):
Event: 291,201 GC heap before
{Heap before GC invocations=504 (full 0):
 garbage-first heap   total 581632K, used 577148K [0x00000006c6400000, 0x00000006c65011c0, 0x00000007c0000000)
  region size 1024K, 28 young (28672K), 4 survivors (4096K)
 Metaspace       used 17035K, capacity 17787K, committed 17920K, reserved 1064960K
  class space    used 1557K, capacity 1687K, committed 1792K, reserved 1048576K
}
Event: 291,203 GC heap after
{Heap after GC invocations=505 (full 0):
 garbage-first heap   total 583680K, used 554314K [0x00000006c6400000, 0x00000006c65011d0, 0x00000007c0000000)
  region size 1024K, 4 young (4096K), 4 survivors (4096K)
 Metaspace       used 17035K, capacity 17787K, committed 17920K, reserved 1064960K
  class space    used 1557K, capacity 1687K, committed 1792K, reserved 1048576K
}
Event: 292,098 GC heap before
{Heap before GC invocations=505 (full 0):
 garbage-first heap   total 583680K, used 578890K [0x00000006c6400000, 0x00000006c65011d0, 0x00000007c0000000)
  region size 1024K, 28 young (28672K), 4 survivors (4096K)
 Metaspace       used 17037K, capacity 17787K, committed 17920K, reserved 1064960K
  class space    used 1557K, capacity 1687K, committed 1792K, reserved 1048576K
}
Event: 292,101 GC heap after
{Heap after GC invocations=506 (full 0):
 garbage-first heap   total 585728K, used 555987K [0x00000006c6400000, 0x00000006c65011e0, 0x00000007c0000000)
  region size 1024K, 4 young (4096K), 4 survivors (4096K)
 Metaspace       used 17037K, capacity 17787K, committed 17920K, reserved 1064960K
  class space    used 1557K, capacity 1687K, committed 1792K, reserved 1048576K
}
Event: 292,843 GC heap before
{Heap before GC invocations=507 (full 0):
 garbage-first heap   total 585728K, used 580563K [0x00000006c6400000, 0x00000006c65011e0, 0x00000007c0000000)
  region size 1024K, 28 young (28672K), 4 survivors (4096K)
 Metaspace       used 17039K, capacity 17787K, committed 17920K, reserved 1064960K
  class space    used 1557K, capacity 1687K, committed 1792K, reserved 1048576K
}
Event: 292,846 GC heap after
{Heap after GC invocations=508 (full 0):
 garbage-first heap   total 587776K, used 558609K [0x00000006c6400000, 0x00000006c65011f0, 0x00000007c0000000)
  region size 1024K, 4 young (4096K), 4 survivors (4096K)
 Metaspace       used 17039K, capacity 17787K, committed 17920K, reserved 1064960K
  class space    used 1557K, capacity 1687K, committed 1792K, reserved 1048576K
}
Event: 293,740 GC heap before
{Heap before GC invocations=508 (full 0):
 garbage-first heap   total 587776K, used 583185K [0x00000006c6400000, 0x00000006c65011f0, 0x00000007c0000000)
  region size 1024K, 28 young (28672K), 4 survivors (4096K)
 Metaspace       used 17040K, capacity 17787K, committed 17920K, reserved 1064960K
  class space    used 1557K, capacity 1687K, committed 1792K, reserved 1048576K
}
Event: 293,743 GC heap after
{Heap after GC invocations=509 (full 0):
 garbage-first heap   total 590848K, used 561054K [0x00000006c6400000, 0x00000006c6501208, 0x00000007c0000000)
  region size 1024K, 3 young (3072K), 3 survivors (3072K)
 Metaspace       used 17040K, capacity 17787K, committed 17920K, reserved 1064960K
  class space    used 1557K, capacity 1687K, committed 1792K, reserved 1048576K
}
Event: 294,729 GC heap before
{Heap before GC invocations=510 (full 0):
 garbage-first heap   total 590848K, used 586654K [0x00000006c6400000, 0x00000006c6501208, 0x00000007c0000000)
  region size 1024K, 28 young (28672K), 3 survivors (3072K)
 Metaspace       used 17067K, capacity 17863K, committed 18176K, reserved 1064960K
  class space    used 1564K, capacity 1691K, committed 1792K, reserved 1048576K
}
Event: 294,736 GC heap after
{Heap after GC invocations=511 (full 0):
 garbage-first heap   total 591872K, used 562268K [0x00000006c6400000, 0x00000006c6501210, 0x00000007c0000000)
  region size 1024K, 4 young (4096K), 4 survivors (4096K)
 Metaspace       used 17067K, capacity 17863K, committed 18176K, reserved 1064960K
  class space    used 1564K, capacity 1691K, committed 1792K, reserved 1048576K
}

